<?xml version="1.0" encoding="UTF-8"?>
<testsuite name="com.dice.FirstTest" tests="2" skipped="0" failures="0" errors="0" timestamp="2021-11-01T15:49:34" hostname="MARI-PC" time="13.989">
  <properties/>
  <testcase name="firstTestMethod" classname="com.dice.FirstTest" time="9.887"/>
  <testcase name="secondTestMethod" classname="com.dice.FirstTest" time="4.098"/>
  <system-out><![CDATA[Dice opened.
Linkedin opened.
]]></system-out>
  <system-err><![CDATA[Starting ChromeDriver 94.0.4606.61 (418b78f5838ed0b1c69bb4e51ea0252171854915-refs/branch-heads/4606@{#1204}) on port 45038
Only local connections are allowed.
Please see https://chromedriver.chromium.org/security-considerations for suggestions on keeping ChromeDriver safe.
ChromeDriver was started successfully.
[1635781777.236][WARNING]: This version of ChromeDriver has not been tested with Chrome version 95.
Nov 01, 2021 4:49:37 PM org.openqa.selenium.remote.ProtocolHandshake createSession
INFO: Detected dialect: W3C
Starting ChromeDriver 94.0.4606.61 (418b78f5838ed0b1c69bb4e51ea0252171854915-refs/branch-heads/4606@{#1204}) on port 35527
Only local connections are allowed.
Please see https://chromedriver.chromium.org/security-considerations for suggestions on keeping ChromeDriver safe.
ChromeDriver was started successfully.
[1635781786.330][WARNING]: This version of ChromeDriver has not been tested with Chrome version 95.
Nov 01, 2021 4:49:46 PM org.openqa.selenium.remote.ProtocolHandshake createSession
INFO: Detected dialect: W3C
]]></system-err>
</testsuite>
