<?xml version="1.0" encoding="UTF-8"?>
<!-- Generated by org.testng.reporters.JUnitReportReporter -->
<testsuite hostname="Mari-PC" failures="0" tests="2" name="com.dice.FirstTest" time="13.985" errors="0" timestamp="01 Nov 2021 15:49:48 GMT" skipped="0">
  <testcase classname="com.dice.FirstTest" name="firstTestMethod" time="9.887"/>
  <testcase classname="com.dice.FirstTest" name="secondTestMethod" time="4.098"/>
</testsuite> <!-- com.dice.FirstTest -->
