<?xml version="1.0" encoding="UTF-8"?>
<!-- Generated by org.testng.reporters.JUnitReportReporter -->
<testsuite hostname="Mari-PC" failures="0" tests="1" name="tests.TDBANK.JobManagerTDBANKPerformanceTest" time="29.414" errors="0" timestamp="02 Nov 2021 15:51:23 GMT" skipped="0">
  <testcase classname="tests.TDBANK.JobManagerTDBANKPerformanceTest" name="jobManagerTest" time="29.414"/>
</testsuite> <!-- tests.TDBANK.JobManagerTDBANKPerformanceTest -->
