<?xml version="1.0" encoding="UTF-8"?>
<!-- Generated by org.testng.reporters.JUnitReportReporter -->
<testsuite hostname="Mari-PC" failures="0" tests="1" name="tests.TDBANK.LoginTDBANKPerformanceTest" time="11.597" errors="0" timestamp="02 Nov 2021 15:43:27 GMT" skipped="0">
  <testcase classname="tests.TDBANK.LoginTDBANKPerformanceTest" name="loginTest" time="11.597"/>
</testsuite> <!-- tests.TDBANK.LoginTDBANKPerformanceTest -->
